{"/Users/giovannilancianese/Personales/NodeService/maridaAppService/config/config.js": {"path":"/Users/giovannilancianese/Personales/NodeService/maridaAppService/config/config.js","statementMap":{"0":{"start":{"line":1,"column":0},"end":{"line":1,"column":27}},"1":{"start":{"line":3,"column":0},"end":{"line":47,"column":2}}},"fnMap":{},"branchMap":{"0":{"loc":{"start":{"line":4,"column":8},"end":{"line":4,"column":32}},"type":"binary-expr","locations":[{"start":{"line":4,"column":8},"end":{"line":4,"column":24}},{"start":{"line":4,"column":28},"end":{"line":4,"column":32}}],"line":4},"1":{"loc":{"start":{"line":7,"column":15},"end":{"line":7,"column":52}},"type":"binary-expr","locations":[{"start":{"line":7,"column":15},"end":{"line":7,"column":35}},{"start":{"line":7,"column":39},"end":{"line":7,"column":52}}],"line":7},"2":{"loc":{"start":{"line":13,"column":10},"end":{"line":13,"column":46}},"type":"binary-expr","locations":[{"start":{"line":13,"column":10},"end":{"line":13,"column":33}},{"start":{"line":13,"column":37},"end":{"line":13,"column":46}}],"line":13},"3":{"loc":{"start":{"line":18,"column":13},"end":{"line":18,"column":53}},"type":"binary-expr","locations":[{"start":{"line":18,"column":13},"end":{"line":18,"column":40}},{"start":{"line":18,"column":44},"end":{"line":18,"column":53}}],"line":18},"4":{"loc":{"start":{"line":23,"column":17},"end":{"line":23,"column":58}},"type":"binary-expr","locations":[{"start":{"line":23,"column":17},"end":{"line":23,"column":45}},{"start":{"line":23,"column":49},"end":{"line":23,"column":58}}],"line":23},"5":{"loc":{"start":{"line":28,"column":14},"end":{"line":28,"column":62}},"type":"binary-expr","locations":[{"start":{"line":28,"column":14},"end":{"line":28,"column":42}},{"start":{"line":28,"column":46},"end":{"line":28,"column":62}}],"line":28},"6":{"loc":{"start":{"line":29,"column":18},"end":{"line":29,"column":74}},"type":"binary-expr","locations":[{"start":{"line":29,"column":18},"end":{"line":29,"column":50}},{"start":{"line":29,"column":54},"end":{"line":29,"column":74}}],"line":29},"7":{"loc":{"start":{"line":30,"column":17},"end":{"line":30,"column":96}},"type":"binary-expr","locations":[{"start":{"line":30,"column":17},"end":{"line":30,"column":48}},{"start":{"line":30,"column":52},"end":{"line":30,"column":96}}],"line":30},"8":{"loc":{"start":{"line":37,"column":15},"end":{"line":37,"column":57}},"type":"binary-expr","locations":[{"start":{"line":37,"column":15},"end":{"line":37,"column":48}},{"start":{"line":37,"column":52},"end":{"line":37,"column":57}}],"line":37},"9":{"loc":{"start":{"line":38,"column":16},"end":{"line":38,"column":58}},"type":"binary-expr","locations":[{"start":{"line":38,"column":16},"end":{"line":38,"column":52}},{"start":{"line":38,"column":56},"end":{"line":38,"column":58}}],"line":38},"10":{"loc":{"start":{"line":41,"column":15},"end":{"line":41,"column":57}},"type":"binary-expr","locations":[{"start":{"line":41,"column":15},"end":{"line":41,"column":48}},{"start":{"line":41,"column":52},"end":{"line":41,"column":57}}],"line":41},"11":{"loc":{"start":{"line":42,"column":16},"end":{"line":42,"column":58}},"type":"binary-expr","locations":[{"start":{"line":42,"column":16},"end":{"line":42,"column":52}},{"start":{"line":42,"column":56},"end":{"line":42,"column":58}}],"line":42},"12":{"loc":{"start":{"line":45,"column":14},"end":{"line":45,"column":50}},"type":"binary-expr","locations":[{"start":{"line":45,"column":14},"end":{"line":45,"column":41}},{"start":{"line":45,"column":45},"end":{"line":45,"column":50}}],"line":45}},"s":{"0":2,"1":2},"f":{},"b":{"0":[2,0],"1":[2,0],"2":[2,2],"3":[2,2],"4":[2,2],"5":[2,0],"6":[2,0],"7":[2,0],"8":[2,2],"9":[2,2],"10":[2,2],"11":[2,2],"12":[2,2]},"_coverageSchema":"1a1c01bbd47fc00a2c39e90264f33305004495a9","hash":"3fdb1f7fbe55b01aa3cdb2750d139cac4fc4500e"}
,"/Users/giovannilancianese/Personales/NodeService/maridaAppService/models/transaction.model.js": {"path":"/Users/giovannilancianese/Personales/NodeService/maridaAppService/models/transaction.model.js","statementMap":{"0":{"start":{"line":1,"column":17},"end":{"line":1,"column":36}},"1":{"start":{"line":3,"column":26},"end":{"line":42,"column":2}},"2":{"start":{"line":44,"column":0},"end":{"line":47,"column":3}},"3":{"start":{"line":45,"column":2},"end":{"line":45,"column":30}},"4":{"start":{"line":46,"column":2},"end":{"line":46,"column":9}},"5":{"start":{"line":49,"column":0},"end":{"line":49,"column":66}}},"fnMap":{"0":{"name":"(anonymous_0)","decl":{"start":{"line":44,"column":30},"end":{"line":44,"column":31}},"loc":{"start":{"line":44,"column":45},"end":{"line":47,"column":1}},"line":44}},"branchMap":{},"s":{"0":1,"1":1,"2":1,"3":8,"4":8,"5":1},"f":{"0":8},"b":{},"_coverageSchema":"1a1c01bbd47fc00a2c39e90264f33305004495a9","hash":"922b608875db875b7980f3ab425e72731c2be41e"}
,"/Users/giovannilancianese/Personales/NodeService/maridaAppService/models/user.model.js": {"path":"/Users/giovannilancianese/Personales/NodeService/maridaAppService/models/user.model.js","statementMap":{"0":{"start":{"line":1,"column":17},"end":{"line":1,"column":36}},"1":{"start":{"line":2,"column":15},"end":{"line":2,"column":34}},"2":{"start":{"line":4,"column":19},"end":{"line":186,"column":2}},"3":{"start":{"line":14,"column":8},"end":{"line":14,"column":59}},"4":{"start":{"line":26,"column":8},"end":{"line":26,"column":65}},"5":{"start":{"line":35,"column":6},"end":{"line":35,"column":73}},"6":{"start":{"line":189,"column":0},"end":{"line":195,"column":3}},"7":{"start":{"line":190,"column":2},"end":{"line":193,"column":3}},"8":{"start":{"line":191,"column":17},"end":{"line":191,"column":41}},"9":{"start":{"line":192,"column":4},"end":{"line":192,"column":59}},"10":{"start":{"line":194,"column":2},"end":{"line":194,"column":9}},"11":{"start":{"line":198,"column":0},"end":{"line":216,"column":2}},"12":{"start":{"line":200,"column":4},"end":{"line":200,"column":51}},"13":{"start":{"line":204,"column":4},"end":{"line":204,"column":83}},"14":{"start":{"line":205,"column":4},"end":{"line":205,"column":69}},"15":{"start":{"line":206,"column":4},"end":{"line":206,"column":33}},"16":{"start":{"line":210,"column":4},"end":{"line":210,"column":37}},"17":{"start":{"line":214,"column":4},"end":{"line":214,"column":49}},"18":{"start":{"line":218,"column":0},"end":{"line":218,"column":52}}},"fnMap":{"0":{"name":"(anonymous_0)","decl":{"start":{"line":12,"column":17},"end":{"line":12,"column":18}},"loc":{"start":{"line":12,"column":28},"end":{"line":15,"column":7}},"line":12},"1":{"name":"(anonymous_1)","decl":{"start":{"line":24,"column":17},"end":{"line":24,"column":18}},"loc":{"start":{"line":24,"column":28},"end":{"line":27,"column":7}},"line":24},"2":{"name":"(anonymous_2)","decl":{"start":{"line":33,"column":14},"end":{"line":33,"column":15}},"loc":{"start":{"line":33,"column":25},"end":{"line":36,"column":5}},"line":33},"3":{"name":"(anonymous_3)","decl":{"start":{"line":189,"column":23},"end":{"line":189,"column":24}},"loc":{"start":{"line":189,"column":44},"end":{"line":195,"column":1}},"line":189},"4":{"name":"(anonymous_4)","decl":{"start":{"line":199,"column":19},"end":{"line":199,"column":20}},"loc":{"start":{"line":199,"column":44},"end":{"line":201,"column":3}},"line":199},"5":{"name":"(anonymous_5)","decl":{"start":{"line":203,"column":28},"end":{"line":203,"column":29}},"loc":{"start":{"line":203,"column":39},"end":{"line":207,"column":3}},"line":203},"6":{"name":"(anonymous_6)","decl":{"start":{"line":209,"column":11},"end":{"line":209,"column":12}},"loc":{"start":{"line":209,"column":26},"end":{"line":211,"column":3}},"line":209},"7":{"name":"(anonymous_7)","decl":{"start":{"line":213,"column":14},"end":{"line":213,"column":15}},"loc":{"start":{"line":213,"column":35},"end":{"line":215,"column":3}},"line":213}},"branchMap":{"0":{"loc":{"start":{"line":14,"column":17},"end":{"line":14,"column":57}},"type":"binary-expr","locations":[{"start":{"line":14,"column":17},"end":{"line":14,"column":42}},{"start":{"line":14,"column":46},"end":{"line":14,"column":57}}],"line":14},"1":{"loc":{"start":{"line":26,"column":17},"end":{"line":26,"column":63}},"type":"binary-expr","locations":[{"start":{"line":26,"column":17},"end":{"line":26,"column":42}},{"start":{"line":26,"column":46},"end":{"line":26,"column":63}}],"line":26},"2":{"loc":{"start":{"line":35,"column":13},"end":{"line":35,"column":72}},"type":"binary-expr","locations":[{"start":{"line":35,"column":13},"end":{"line":35,"column":26}},{"start":{"line":35,"column":30},"end":{"line":35,"column":72}}],"line":35},"3":{"loc":{"start":{"line":190,"column":2},"end":{"line":193,"column":3}},"type":"if","locations":[{"start":{"line":190,"column":2},"end":{"line":193,"column":3}},{"start":{},"end":{}}],"line":190},"4":{"loc":{"start":{"line":190,"column":6},"end":{"line":190,"column":50}},"type":"binary-expr","locations":[{"start":{"line":190,"column":6},"end":{"line":190,"column":33}},{"start":{"line":190,"column":37},"end":{"line":190,"column":50}}],"line":190}},"s":{"0":2,"1":2,"2":2,"3":14,"4":0,"5":15,"6":2,"7":15,"8":0,"9":0,"10":15,"11":2,"12":0,"13":0,"14":0,"15":0,"16":0,"17":0,"18":2},"f":{"0":14,"1":0,"2":15,"3":15,"4":0,"5":0,"6":0,"7":0},"b":{"0":[14,0],"1":[0,0],"2":[15,15],"3":[0,15],"4":[15,0]},"_coverageSchema":"1a1c01bbd47fc00a2c39e90264f33305004495a9","hash":"95e679f833d380bf66c0f9b992fb0f1016d0b30b"}
,"/Users/giovannilancianese/Personales/NodeService/maridaAppService/services/auth.service.js": {"path":"/Users/giovannilancianese/Personales/NodeService/maridaAppService/services/auth.service.js","statementMap":{"0":{"start":{"line":1,"column":12},"end":{"line":1,"column":35}},"1":{"start":{"line":2,"column":13},"end":{"line":2,"column":44}},"2":{"start":{"line":3,"column":15},"end":{"line":3,"column":42}},"3":{"start":{"line":4,"column":22},"end":{"line":4,"column":52}},"4":{"start":{"line":5,"column":20},"end":{"line":5,"column":48}},"5":{"start":{"line":6,"column":25},"end":{"line":6,"column":55}},"6":{"start":{"line":7,"column":14},"end":{"line":7,"column":30}},"7":{"start":{"line":11,"column":4},"end":{"line":11,"column":65}},"8":{"start":{"line":15,"column":4},"end":{"line":15,"column":71}},"9":{"start":{"line":19,"column":17},"end":{"line":23,"column":6}},"10":{"start":{"line":25,"column":29},"end":{"line":25,"column":60}},"11":{"start":{"line":26,"column":4},"end":{"line":26,"column":22}},"12":{"start":{"line":29,"column":4},"end":{"line":33,"column":7}},"13":{"start":{"line":35,"column":4},"end":{"line":35,"column":16}},"14":{"start":{"line":39,"column":17},"end":{"line":43,"column":6}},"15":{"start":{"line":45,"column":29},"end":{"line":45,"column":60}},"16":{"start":{"line":46,"column":4},"end":{"line":46,"column":22}},"17":{"start":{"line":49,"column":4},"end":{"line":52,"column":7}},"18":{"start":{"line":54,"column":4},"end":{"line":54,"column":16}},"19":{"start":{"line":58,"column":17},"end":{"line":65,"column":6}},"20":{"start":{"line":67,"column":4},"end":{"line":69,"column":5}},"21":{"start":{"line":68,"column":6},"end":{"line":68,"column":52}},"22":{"start":{"line":71,"column":4},"end":{"line":71,"column":25}},"23":{"start":{"line":72,"column":4},"end":{"line":72,"column":38}},"24":{"start":{"line":73,"column":4},"end":{"line":73,"column":45}},"25":{"start":{"line":74,"column":4},"end":{"line":74,"column":22}},"26":{"start":{"line":76,"column":4},"end":{"line":76,"column":40}},"27":{"start":{"line":80,"column":19},"end":{"line":83,"column":6}},"28":{"start":{"line":85,"column":52},"end":{"line":85,"column":71}},"29":{"start":{"line":87,"column":15},"end":{"line":92,"column":6}},"30":{"start":{"line":94,"column":4},"end":{"line":106,"column":5}},"31":{"start":{"line":95,"column":6},"end":{"line":103,"column":9}},"32":{"start":{"line":104,"column":11},"end":{"line":106,"column":5}},"33":{"start":{"line":105,"column":6},"end":{"line":105,"column":88}},"34":{"start":{"line":108,"column":4},"end":{"line":108,"column":32}},"35":{"start":{"line":109,"column":4},"end":{"line":109,"column":22}},"36":{"start":{"line":111,"column":4},"end":{"line":111,"column":40}},"37":{"start":{"line":115,"column":21},"end":{"line":120,"column":6}},"38":{"start":{"line":122,"column":15},"end":{"line":127,"column":6}},"39":{"start":{"line":129,"column":4},"end":{"line":141,"column":5}},"40":{"start":{"line":130,"column":6},"end":{"line":138,"column":9}},"41":{"start":{"line":139,"column":11},"end":{"line":141,"column":5}},"42":{"start":{"line":140,"column":6},"end":{"line":140,"column":88}},"43":{"start":{"line":143,"column":4},"end":{"line":143,"column":32}},"44":{"start":{"line":144,"column":4},"end":{"line":144,"column":22}},"45":{"start":{"line":146,"column":4},"end":{"line":146,"column":40}},"46":{"start":{"line":150,"column":0},"end":{"line":150,"column":29}}},"fnMap":{"0":{"name":"(anonymous_0)","decl":{"start":{"line":10,"column":2},"end":{"line":10,"column":3}},"loc":{"start":{"line":10,"column":16},"end":{"line":12,"column":3}},"line":10},"1":{"name":"(anonymous_1)","decl":{"start":{"line":14,"column":2},"end":{"line":14,"column":3}},"loc":{"start":{"line":14,"column":24},"end":{"line":16,"column":3}},"line":14},"2":{"name":"(anonymous_2)","decl":{"start":{"line":18,"column":2},"end":{"line":18,"column":3}},"loc":{"start":{"line":18,"column":36},"end":{"line":36,"column":3}},"line":18},"3":{"name":"(anonymous_3)","decl":{"start":{"line":38,"column":2},"end":{"line":38,"column":3}},"loc":{"start":{"line":38,"column":36},"end":{"line":55,"column":3}},"line":38},"4":{"name":"(anonymous_4)","decl":{"start":{"line":57,"column":2},"end":{"line":57,"column":3}},"loc":{"start":{"line":57,"column":37},"end":{"line":77,"column":3}},"line":57},"5":{"name":"(anonymous_5)","decl":{"start":{"line":79,"column":2},"end":{"line":79,"column":3}},"loc":{"start":{"line":79,"column":31},"end":{"line":112,"column":3}},"line":79},"6":{"name":"(anonymous_6)","decl":{"start":{"line":114,"column":2},"end":{"line":114,"column":3}},"loc":{"start":{"line":114,"column":39},"end":{"line":147,"column":3}},"line":114}},"branchMap":{"0":{"loc":{"start":{"line":67,"column":4},"end":{"line":69,"column":5}},"type":"if","locations":[{"start":{"line":67,"column":4},"end":{"line":69,"column":5}},{"start":{},"end":{}}],"line":67},"1":{"loc":{"start":{"line":94,"column":4},"end":{"line":106,"column":5}},"type":"if","locations":[{"start":{"line":94,"column":4},"end":{"line":106,"column":5}},{"start":{"line":104,"column":11},"end":{"line":106,"column":5}}],"line":94},"2":{"loc":{"start":{"line":104,"column":11},"end":{"line":106,"column":5}},"type":"if","locations":[{"start":{"line":104,"column":11},"end":{"line":106,"column":5}},{"start":{},"end":{}}],"line":104},"3":{"loc":{"start":{"line":129,"column":4},"end":{"line":141,"column":5}},"type":"if","locations":[{"start":{"line":129,"column":4},"end":{"line":141,"column":5}},{"start":{"line":139,"column":11},"end":{"line":141,"column":5}}],"line":129},"4":{"loc":{"start":{"line":139,"column":11},"end":{"line":141,"column":5}},"type":"if","locations":[{"start":{"line":139,"column":11},"end":{"line":141,"column":5}},{"start":{},"end":{}}],"line":139}},"s":{"0":1,"1":1,"2":1,"3":1,"4":1,"5":1,"6":1,"7":6,"8":1,"9":2,"10":1,"11":1,"12":1,"13":1,"14":2,"15":1,"16":1,"17":1,"18":1,"19":2,"20":2,"21":0,"22":2,"23":2,"24":2,"25":2,"26":1,"27":0,"28":0,"29":0,"30":0,"31":0,"32":0,"33":0,"34":0,"35":0,"36":0,"37":0,"38":0,"39":0,"40":0,"41":0,"42":0,"43":0,"44":0,"45":0,"46":1},"f":{"0":6,"1":1,"2":2,"3":2,"4":2,"5":0,"6":0},"b":{"0":[0,2],"1":[0,0],"2":[0,0],"3":[0,0],"4":[0,0]},"_coverageSchema":"1a1c01bbd47fc00a2c39e90264f33305004495a9","hash":"ba301eef09bf17ca47863ddfd185e880712c7748"}
,"/Users/giovannilancianese/Personales/NodeService/maridaAppService/services/payment/withdrawal.service.js": {"path":"/Users/giovannilancianese/Personales/NodeService/maridaAppService/services/payment/withdrawal.service.js","statementMap":{"0":{"start":{"line":1,"column":14},"end":{"line":1,"column":30}},"1":{"start":{"line":2,"column":15},"end":{"line":2,"column":45}},"2":{"start":{"line":3,"column":13},"end":{"line":3,"column":47}},"3":{"start":{"line":4,"column":20},"end":{"line":4,"column":61}},"4":{"start":{"line":5,"column":15},"end":{"line":5,"column":45}},"5":{"start":{"line":6,"column":17},"end":{"line":6,"column":46}},"6":{"start":{"line":11,"column":30},"end":{"line":13,"column":89}},"7":{"start":{"line":14,"column":4},"end":{"line":14,"column":76}},"8":{"start":{"line":17,"column":4},"end":{"line":19,"column":7}},"9":{"start":{"line":22,"column":4},"end":{"line":28,"column":6}},"10":{"start":{"line":32,"column":17},"end":{"line":32,"column":44}},"11":{"start":{"line":33,"column":4},"end":{"line":35,"column":5}},"12":{"start":{"line":34,"column":6},"end":{"line":34,"column":47}},"13":{"start":{"line":37,"column":4},"end":{"line":39,"column":5}},"14":{"start":{"line":38,"column":6},"end":{"line":38,"column":44}},"15":{"start":{"line":42,"column":4},"end":{"line":44,"column":5}},"16":{"start":{"line":43,"column":6},"end":{"line":43,"column":60}},"17":{"start":{"line":47,"column":24},"end":{"line":54,"column":6}},"18":{"start":{"line":57,"column":4},"end":{"line":62,"column":7}},"19":{"start":{"line":65,"column":4},"end":{"line":65,"column":33}},"20":{"start":{"line":66,"column":4},"end":{"line":72,"column":7}},"21":{"start":{"line":74,"column":4},"end":{"line":74,"column":57}},"22":{"start":{"line":77,"column":4},"end":{"line":120,"column":5}},"23":{"start":{"line":78,"column":6},"end":{"line":90,"column":7}},"24":{"start":{"line":80,"column":10},"end":{"line":80,"column":72}},"25":{"start":{"line":81,"column":10},"end":{"line":81,"column":16}},"26":{"start":{"line":83,"column":10},"end":{"line":83,"column":73}},"27":{"start":{"line":84,"column":10},"end":{"line":84,"column":16}},"28":{"start":{"line":86,"column":10},"end":{"line":86,"column":70}},"29":{"start":{"line":87,"column":10},"end":{"line":87,"column":16}},"30":{"start":{"line":89,"column":10},"end":{"line":89,"column":57}},"31":{"start":{"line":93,"column":6},"end":{"line":93,"column":39}},"32":{"start":{"line":94,"column":30},"end":{"line":96,"column":7}},"33":{"start":{"line":95,"column":13},"end":{"line":95,"column":58}},"34":{"start":{"line":97,"column":6},"end":{"line":100,"column":7}},"35":{"start":{"line":98,"column":8},"end":{"line":98,"column":82}},"36":{"start":{"line":99,"column":8},"end":{"line":99,"column":89}},"37":{"start":{"line":102,"column":6},"end":{"line":102,"column":59}},"38":{"start":{"line":103,"column":6},"end":{"line":103,"column":25}},"39":{"start":{"line":107,"column":6},"end":{"line":107,"column":36}},"40":{"start":{"line":108,"column":6},"end":{"line":108,"column":47}},"41":{"start":{"line":109,"column":6},"end":{"line":109,"column":62}},"42":{"start":{"line":110,"column":6},"end":{"line":110,"column":35}},"43":{"start":{"line":111,"column":30},"end":{"line":113,"column":7}},"44":{"start":{"line":112,"column":13},"end":{"line":112,"column":58}},"45":{"start":{"line":114,"column":6},"end":{"line":116,"column":7}},"46":{"start":{"line":115,"column":8},"end":{"line":115,"column":79}},"47":{"start":{"line":118,"column":6},"end":{"line":118,"column":59}},"48":{"start":{"line":119,"column":6},"end":{"line":119,"column":18}},"49":{"start":{"line":124,"column":26},"end":{"line":124,"column":65}},"50":{"start":{"line":125,"column":4},"end":{"line":141,"column":7}},"51":{"start":{"line":143,"column":21},"end":{"line":143,"column":67}},"52":{"start":{"line":144,"column":4},"end":{"line":146,"column":5}},"53":{"start":{"line":145,"column":6},"end":{"line":145,"column":46}},"54":{"start":{"line":148,"column":4},"end":{"line":151,"column":6}},"55":{"start":{"line":155,"column":21},"end":{"line":163,"column":5}},"56":{"start":{"line":165,"column":4},"end":{"line":167,"column":5}},"57":{"start":{"line":166,"column":6},"end":{"line":166,"column":51}},"58":{"start":{"line":169,"column":4},"end":{"line":172,"column":6}},"59":{"start":{"line":176,"column":21},"end":{"line":184,"column":6}},"60":{"start":{"line":186,"column":4},"end":{"line":188,"column":5}},"61":{"start":{"line":187,"column":6},"end":{"line":187,"column":74}},"62":{"start":{"line":190,"column":4},"end":{"line":193,"column":6}},"63":{"start":{"line":197,"column":0},"end":{"line":197,"column":35}}},"fnMap":{"0":{"name":"(anonymous_0)","decl":{"start":{"line":9,"column":2},"end":{"line":9,"column":3}},"loc":{"start":{"line":9,"column":16},"end":{"line":29,"column":3}},"line":9},"1":{"name":"(anonymous_1)","decl":{"start":{"line":31,"column":2},"end":{"line":31,"column":3}},"loc":{"start":{"line":31,"column":50},"end":{"line":121,"column":3}},"line":31},"2":{"name":"(anonymous_2)","decl":{"start":{"line":95,"column":8},"end":{"line":95,"column":9}},"loc":{"start":{"line":95,"column":13},"end":{"line":95,"column":58}},"line":95},"3":{"name":"(anonymous_3)","decl":{"start":{"line":112,"column":8},"end":{"line":112,"column":9}},"loc":{"start":{"line":112,"column":13},"end":{"line":112,"column":58}},"line":112},"4":{"name":"(anonymous_4)","decl":{"start":{"line":123,"column":2},"end":{"line":123,"column":3}},"loc":{"start":{"line":123,"column":59},"end":{"line":152,"column":3}},"line":123},"5":{"name":"(anonymous_5)","decl":{"start":{"line":154,"column":2},"end":{"line":154,"column":3}},"loc":{"start":{"line":154,"column":60},"end":{"line":173,"column":3}},"line":154},"6":{"name":"(anonymous_6)","decl":{"start":{"line":175,"column":2},"end":{"line":175,"column":3}},"loc":{"start":{"line":175,"column":57},"end":{"line":194,"column":3}},"line":175}},"branchMap":{"0":{"loc":{"start":{"line":11,"column":30},"end":{"line":13,"column":89}},"type":"cond-expr","locations":[{"start":{"line":12,"column":6},"end":{"line":12,"column":92}},{"start":{"line":13,"column":6},"end":{"line":13,"column":89}}],"line":11},"1":{"loc":{"start":{"line":18,"column":15},"end":{"line":18,"column":114}},"type":"cond-expr","locations":[{"start":{"line":18,"column":54},"end":{"line":18,"column":86}},{"start":{"line":18,"column":89},"end":{"line":18,"column":114}}],"line":18},"2":{"loc":{"start":{"line":25,"column":15},"end":{"line":27,"column":33}},"type":"cond-expr","locations":[{"start":{"line":26,"column":8},"end":{"line":26,"column":41}},{"start":{"line":27,"column":8},"end":{"line":27,"column":33}}],"line":25},"3":{"loc":{"start":{"line":33,"column":4},"end":{"line":35,"column":5}},"type":"if","locations":[{"start":{"line":33,"column":4},"end":{"line":35,"column":5}},{"start":{},"end":{}}],"line":33},"4":{"loc":{"start":{"line":37,"column":4},"end":{"line":39,"column":5}},"type":"if","locations":[{"start":{"line":37,"column":4},"end":{"line":39,"column":5}},{"start":{},"end":{}}],"line":37},"5":{"loc":{"start":{"line":42,"column":4},"end":{"line":44,"column":5}},"type":"if","locations":[{"start":{"line":42,"column":4},"end":{"line":44,"column":5}},{"start":{},"end":{}}],"line":42},"6":{"loc":{"start":{"line":42,"column":8},"end":{"line":42,"column":68}},"type":"binary-expr","locations":[{"start":{"line":42,"column":8},"end":{"line":42,"column":45}},{"start":{"line":42,"column":49},"end":{"line":42,"column":68}}],"line":42},"7":{"loc":{"start":{"line":78,"column":6},"end":{"line":90,"column":7}},"type":"switch","locations":[{"start":{"line":79,"column":8},"end":{"line":81,"column":16}},{"start":{"line":82,"column":8},"end":{"line":84,"column":16}},{"start":{"line":85,"column":8},"end":{"line":87,"column":16}},{"start":{"line":88,"column":8},"end":{"line":89,"column":57}}],"line":78},"8":{"loc":{"start":{"line":95,"column":13},"end":{"line":95,"column":58}},"type":"binary-expr","locations":[{"start":{"line":95,"column":13},"end":{"line":95,"column":32}},{"start":{"line":95,"column":36},"end":{"line":95,"column":58}}],"line":95},"9":{"loc":{"start":{"line":97,"column":6},"end":{"line":100,"column":7}},"type":"if","locations":[{"start":{"line":97,"column":6},"end":{"line":100,"column":7}},{"start":{},"end":{}}],"line":97},"10":{"loc":{"start":{"line":109,"column":30},"end":{"line":109,"column":61}},"type":"binary-expr","locations":[{"start":{"line":109,"column":30},"end":{"line":109,"column":40}},{"start":{"line":109,"column":44},"end":{"line":109,"column":61}}],"line":109},"11":{"loc":{"start":{"line":112,"column":13},"end":{"line":112,"column":58}},"type":"binary-expr","locations":[{"start":{"line":112,"column":13},"end":{"line":112,"column":32}},{"start":{"line":112,"column":36},"end":{"line":112,"column":58}}],"line":112},"12":{"loc":{"start":{"line":114,"column":6},"end":{"line":116,"column":7}},"type":"if","locations":[{"start":{"line":114,"column":6},"end":{"line":116,"column":7}},{"start":{},"end":{}}],"line":114},"13":{"loc":{"start":{"line":139,"column":18},"end":{"line":139,"column":62}},"type":"binary-expr","locations":[{"start":{"line":139,"column":18},"end":{"line":139,"column":48}},{"start":{"line":139,"column":52},"end":{"line":139,"column":62}}],"line":139},"14":{"loc":{"start":{"line":144,"column":4},"end":{"line":146,"column":5}},"type":"if","locations":[{"start":{"line":144,"column":4},"end":{"line":146,"column":5}},{"start":{},"end":{}}],"line":144},"15":{"loc":{"start":{"line":165,"column":4},"end":{"line":167,"column":5}},"type":"if","locations":[{"start":{"line":165,"column":4},"end":{"line":167,"column":5}},{"start":{},"end":{}}],"line":165},"16":{"loc":{"start":{"line":165,"column":8},"end":{"line":165,"column":43}},"type":"binary-expr","locations":[{"start":{"line":165,"column":8},"end":{"line":165,"column":22}},{"start":{"line":165,"column":26},"end":{"line":165,"column":43}}],"line":165},"17":{"loc":{"start":{"line":186,"column":4},"end":{"line":188,"column":5}},"type":"if","locations":[{"start":{"line":186,"column":4},"end":{"line":188,"column":5}},{"start":{},"end":{}}],"line":186}},"s":{"0":1,"1":1,"2":1,"3":1,"4":1,"5":1,"6":6,"7":6,"8":6,"9":6,"10":6,"11":6,"12":0,"13":6,"14":1,"15":5,"16":1,"17":4,"18":4,"19":4,"20":4,"21":4,"22":4,"23":4,"24":2,"25":1,"26":1,"27":1,"28":1,"29":1,"30":0,"31":3,"32":3,"33":3,"34":3,"35":3,"36":3,"37":3,"38":3,"39":1,"40":1,"41":1,"42":1,"43":1,"44":1,"45":1,"46":1,"47":1,"48":1,"49":2,"50":2,"51":2,"52":1,"53":0,"54":1,"55":1,"56":1,"57":0,"58":1,"59":1,"60":1,"61":0,"62":1,"63":1},"f":{"0":6,"1":6,"2":3,"3":1,"4":2,"5":1,"6":1},"b":{"0":[6,0],"1":[6,0],"2":[6,0],"3":[0,6],"4":[1,5],"5":[1,4],"6":[5,3],"7":[2,1,1,0],"8":[3,3],"9":[3,0],"10":[1,1],"11":[1,1],"12":[1,0],"13":[2,2],"14":[0,1],"15":[0,1],"16":[1,1],"17":[0,1]},"_coverageSchema":"1a1c01bbd47fc00a2c39e90264f33305004495a9","hash":"e393e7e25580824101a5f3d2dafa306aaed7ed32"}
}
