TN:
SF:config/config.js
FNF:0
FNH:0
DA:1,2
DA:3,2
LF:2
LH:2
BRDA:4,0,0,2
BRDA:4,0,1,0
BRDA:7,1,0,2
BRDA:7,1,1,0
BRDA:13,2,0,2
BRDA:13,2,1,2
BRDA:18,3,0,2
BRDA:18,3,1,2
BRDA:23,4,0,2
BRDA:23,4,1,2
BRDA:28,5,0,2
BRDA:28,5,1,0
BRDA:29,6,0,2
BRDA:29,6,1,0
BRDA:30,7,0,2
BRDA:30,7,1,0
BRDA:37,8,0,2
BRDA:37,8,1,2
BRDA:38,9,0,2
BRDA:38,9,1,2
BRDA:41,10,0,2
BRDA:41,10,1,2
BRDA:42,11,0,2
BRDA:42,11,1,2
BRDA:45,12,0,2
BRDA:45,12,1,2
BRF:26
BRH:21
end_of_record
TN:
SF:models/transaction.model.js
FN:44,(anonymous_0)
FNF:1
FNH:1
FNDA:8,(anonymous_0)
DA:1,1
DA:3,1
DA:44,1
DA:45,8
DA:46,8
DA:49,1
LF:6
LH:6
BRF:0
BRH:0
end_of_record
TN:
SF:models/user.model.js
FN:12,(anonymous_0)
FN:24,(anonymous_1)
FN:33,(anonymous_2)
FN:189,(anonymous_3)
FN:199,(anonymous_4)
FN:203,(anonymous_5)
FN:209,(anonymous_6)
FN:213,(anonymous_7)
FNF:8
FNH:3
FNDA:14,(anonymous_0)
FNDA:0,(anonymous_1)
FNDA:15,(anonymous_2)
FNDA:15,(anonymous_3)
FNDA:0,(anonymous_4)
FNDA:0,(anonymous_5)
FNDA:0,(anonymous_6)
FNDA:0,(anonymous_7)
DA:1,2
DA:2,2
DA:4,2
DA:14,14
DA:26,0
DA:35,15
DA:189,2
DA:190,15
DA:191,0
DA:192,0
DA:194,15
DA:198,2
DA:200,0
DA:204,0
DA:205,0
DA:206,0
DA:210,0
DA:214,0
DA:218,2
LF:19
LH:10
BRDA:14,0,0,14
BRDA:14,0,1,0
BRDA:26,1,0,0
BRDA:26,1,1,0
BRDA:35,2,0,15
BRDA:35,2,1,15
BRDA:190,3,0,0
BRDA:190,3,1,15
BRDA:190,4,0,15
BRDA:190,4,1,0
BRF:10
BRH:5
end_of_record
TN:
SF:services/auth.service.js
FN:10,(anonymous_0)
FN:14,(anonymous_1)
FN:18,(anonymous_2)
FN:38,(anonymous_3)
FN:57,(anonymous_4)
FN:79,(anonymous_5)
FN:114,(anonymous_6)
FNF:7
FNH:5
FNDA:6,(anonymous_0)
FNDA:1,(anonymous_1)
FNDA:2,(anonymous_2)
FNDA:2,(anonymous_3)
FNDA:2,(anonymous_4)
FNDA:0,(anonymous_5)
FNDA:0,(anonymous_6)
DA:1,1
DA:2,1
DA:3,1
DA:4,1
DA:5,1
DA:6,1
DA:7,1
DA:11,6
DA:15,1
DA:19,2
DA:25,1
DA:26,1
DA:29,1
DA:35,1
DA:39,2
DA:45,1
DA:46,1
DA:49,1
DA:54,1
DA:58,2
DA:67,2
DA:68,0
DA:71,2
DA:72,2
DA:73,2
DA:74,2
DA:76,1
DA:80,0
DA:85,0
DA:87,0
DA:94,0
DA:95,0
DA:104,0
DA:105,0
DA:108,0
DA:109,0
DA:111,0
DA:115,0
DA:122,0
DA:129,0
DA:130,0
DA:139,0
DA:140,0
DA:143,0
DA:144,0
DA:146,0
DA:150,1
LF:47
LH:27
BRDA:67,0,0,0
BRDA:67,0,1,2
BRDA:94,1,0,0
BRDA:94,1,1,0
BRDA:104,2,0,0
BRDA:104,2,1,0
BRDA:129,3,0,0
BRDA:129,3,1,0
BRDA:139,4,0,0
BRDA:139,4,1,0
BRF:10
BRH:1
end_of_record
TN:
SF:services/payment/withdrawal.service.js
FN:9,(anonymous_0)
FN:31,(anonymous_1)
FN:95,(anonymous_2)
FN:112,(anonymous_3)
FN:123,(anonymous_4)
FN:154,(anonymous_5)
FN:175,(anonymous_6)
FNF:7
FNH:7
FNDA:6,(anonymous_0)
FNDA:6,(anonymous_1)
FNDA:3,(anonymous_2)
FNDA:1,(anonymous_3)
FNDA:2,(anonymous_4)
FNDA:1,(anonymous_5)
FNDA:1,(anonymous_6)
DA:1,1
DA:2,1
DA:3,1
DA:4,1
DA:5,1
DA:6,1
DA:11,6
DA:14,6
DA:17,6
DA:22,6
DA:32,6
DA:33,6
DA:34,0
DA:37,6
DA:38,1
DA:42,5
DA:43,1
DA:47,4
DA:57,4
DA:65,4
DA:66,4
DA:74,4
DA:77,4
DA:78,4
DA:80,2
DA:81,1
DA:83,1
DA:84,1
DA:86,1
DA:87,1
DA:89,0
DA:93,3
DA:94,3
DA:95,3
DA:97,3
DA:98,3
DA:99,3
DA:102,3
DA:103,3
DA:107,1
DA:108,1
DA:109,1
DA:110,1
DA:111,1
DA:112,1
DA:114,1
DA:115,1
DA:118,1
DA:119,1
DA:124,2
DA:125,2
DA:143,2
DA:144,1
DA:145,0
DA:148,1
DA:155,1
DA:165,1
DA:166,0
DA:169,1
DA:176,1
DA:186,1
DA:187,0
DA:190,1
DA:197,1
LF:64
LH:59
BRDA:11,0,0,6
BRDA:11,0,1,0
BRDA:18,1,0,6
BRDA:18,1,1,0
BRDA:25,2,0,6
BRDA:25,2,1,0
BRDA:33,3,0,0
BRDA:33,3,1,6
BRDA:37,4,0,1
BRDA:37,4,1,5
BRDA:42,5,0,1
BRDA:42,5,1,4
BRDA:42,6,0,5
BRDA:42,6,1,3
BRDA:78,7,0,2
BRDA:78,7,1,1
BRDA:78,7,2,1
BRDA:78,7,3,0
BRDA:95,8,0,3
BRDA:95,8,1,3
BRDA:97,9,0,3
BRDA:97,9,1,0
BRDA:109,10,0,1
BRDA:109,10,1,1
BRDA:112,11,0,1
BRDA:112,11,1,1
BRDA:114,12,0,1
BRDA:114,12,1,0
BRDA:139,13,0,2
BRDA:139,13,1,2
BRDA:144,14,0,0
BRDA:144,14,1,1
BRDA:165,15,0,0
BRDA:165,15,1,1
BRDA:165,16,0,1
BRDA:165,16,1,1
BRDA:186,17,0,0
BRDA:186,17,1,1
BRF:38
BRH:28
end_of_record
